<?xml version="1.0" encoding="UTF-8"?>
<nprml version="0.94">
  <message id="401" level="warning">
    <text>There were no results that matched your query criteria.</text>
    <timestamp>1302009855.97</timestamp>
  </message>
  <list>
    <title><![CDATA[NPR: Stories from NPR]]></title>
    <teaser><![CDATA[Assorted stories from NPR]]></teaser>
    <miniTeaser><![CDATA[Custom NPR News Feed API.  Visit http://www.npr.org/templates/apidoc/index.php for more information.]]></miniTeaser>
    <link type="api">http://api.npr.org/query?searchTerm=%22can%27t%20smile%22&amp;apiKey=MDA3MjY5MjE5MDEzMDE5MjY1NTczMzYzMA001</link>
  </list>
</nprml>
<?xml version="1.0" encoding="UTF-8"?>
<nprml version="0.94">
  <message id="401" level="warning">
    <text>There were no results that matched your query criteria.</text>
    <timestamp>1302009858.33</timestamp>
  </message>
  <list>
    <title><![CDATA[NPR: Stories from NPR]]></title>
    <teaser><![CDATA[Assorted stories from NPR]]></teaser>
    <miniTeaser><![CDATA[Custom NPR News Feed API.  Visit http://www.npr.org/templates/apidoc/index.php for more information.]]></miniTeaser>
    <link type="api">http://api.npr.org/query?searchTerm=%22can%27t%20smile%22&amp;apiKey=MDA3MjY5MjE5MDEzMDE5MjY1NTczMzYzMA001</link>
  </list>
</nprml>
<?xml version="1.0" encoding="UTF-8"?>
<nprml version="0.94">
  <message id="401" level="warning">
    <text>There were no results that matched your query criteria.</text>
    <timestamp>1302009860.62</timestamp>
  </message>
  <list>
    <title><![CDATA[NPR: Stories from NPR]]></title>
    <teaser><![CDATA[Assorted stories from NPR]]></teaser>
    <miniTeaser><![CDATA[Custom NPR News Feed API.  Visit http://www.npr.org/templates/apidoc/index.php for more information.]]></miniTeaser>
    <link type="api">http://api.npr.org/query?searchTerm=%22can%27t%20smile%22&amp;apiKey=MDA3MjY5MjE5MDEzMDE5MjY1NTczMzYzMA001</link>
  </list>
</nprml>
<?xml version="1.0" encoding="UTF-8"?>
<nprml version="0.94">
  <message id="401" level="warning">
    <text>There were no results that matched your query criteria.</text>
    <timestamp>1302009862.99</timestamp>
  </message>
  <list>
    <title><![CDATA[NPR: Stories from NPR]]></title>
    <teaser><![CDATA[Assorted stories from NPR]]></teaser>
    <miniTeaser><![CDATA[Custom NPR News Feed API.  Visit http://www.npr.org/templates/apidoc/index.php for more information.]]></miniTeaser>
    <link type="api">http://api.npr.org/query?searchTerm=%22can%27t%20smile%22&amp;apiKey=MDA3MjY5MjE5MDEzMDE5MjY1NTczMzYzMA001</link>
  </list>
</nprml>
<?xml version="1.0" encoding="UTF-8"?>
<nprml version="0.94">
  <message id="401" level="warning">
    <text>There were no results that matched your query criteria.</text>
    <timestamp>1302009865.3</timestamp>
  </message>
  <list>
    <title><![CDATA[NPR: Stories from NPR]]></title>
    <teaser><![CDATA[Assorted stories from NPR]]></teaser>
    <miniTeaser><![CDATA[Custom NPR News Feed API.  Visit http://www.npr.org/templates/apidoc/index.php for more information.]]></miniTeaser>
    <link type="api">http://api.npr.org/query?searchTerm=%22can%27t%20smile%22&amp;apiKey=MDA3MjY5MjE5MDEzMDE5MjY1NTczMzYzMA001</link>
  </list>
</nprml>
<?xml version="1.0" encoding="UTF-8"?>
<nprml version="0.94">
  <message id="401" level="warning">
    <text>There were no results that matched your query criteria.</text>
    <timestamp>1302009867.68</timestamp>
  </message>
  <list>
    <title><![CDATA[NPR: Stories from NPR]]></title>
    <teaser><![CDATA[Assorted stories from NPR]]></teaser>
    <miniTeaser><![CDATA[Custom NPR News Feed API.  Visit http://www.npr.org/templates/apidoc/index.php for more information.]]></miniTeaser>
    <link type="api">http://api.npr.org/query?searchTerm=%22can%27t%20smile%22&amp;apiKey=MDA3MjY5MjE5MDEzMDE5MjY1NTczMzYzMA001</link>
  </list>
</nprml>
<?xml version="1.0" encoding="UTF-8"?>
<nprml version="0.94">
  <message id="401" level="warning">
    <text>There were no results that matched your query criteria.</text>
    <timestamp>1302009870.03</timestamp>
  </message>
  <list>
    <title><![CDATA[NPR: Stories from NPR]]></title>
    <teaser><![CDATA[Assorted stories from NPR]]></teaser>
    <miniTeaser><![CDATA[Custom NPR News Feed API.  Visit http://www.npr.org/templates/apidoc/index.php for more information.]]></miniTeaser>
    <link type="api">http://api.npr.org/query?searchTerm=%22can%27t%20smile%22&amp;apiKey=MDA3MjY5MjE5MDEzMDE5MjY1NTczMzYzMA001</link>
  </list>
</nprml>
<?xml version="1.0" encoding="UTF-8"?>
<nprml version="0.94">
  <message id="401" level="warning">
    <text>There were no results that matched your query criteria.</text>
    <timestamp>1302009872.34</timestamp>
  </message>
  <list>
    <title><![CDATA[NPR: Stories from NPR]]></title>
    <teaser><![CDATA[Assorted stories from NPR]]></teaser>
    <miniTeaser><![CDATA[Custom NPR News Feed API.  Visit http://www.npr.org/templates/apidoc/index.php for more information.]]></miniTeaser>
    <link type="api">http://api.npr.org/query?searchTerm=%22can%27t%20smile%22&amp;apiKey=MDA3MjY5MjE5MDEzMDE5MjY1NTczMzYzMA001</link>
  </list>
</nprml>
<?xml version="1.0" encoding="UTF-8"?>
<nprml version="0.94">
  <message id="401" level="warning">
    <text>There were no results that matched your query criteria.</text>
    <timestamp>1302009874.67</timestamp>
  </message>
  <list>
    <title><![CDATA[NPR: Stories from NPR]]></title>
    <teaser><![CDATA[Assorted stories from NPR]]></teaser>
    <miniTeaser><![CDATA[Custom NPR News Feed API.  Visit http://www.npr.org/templates/apidoc/index.php for more information.]]></miniTeaser>
    <link type="api">http://api.npr.org/query?searchTerm=%22can%27t%20smile%22&amp;apiKey=MDA3MjY5MjE5MDEzMDE5MjY1NTczMzYzMA001</link>
  </list>
</nprml>
<?xml version="1.0" encoding="UTF-8"?>
<nprml version="0.94">
  <message id="401" level="warning">
    <text>There were no results that matched your query criteria.</text>
    <timestamp>1302009876.98</timestamp>
  </message>
  <list>
    <title><![CDATA[NPR: Stories from NPR]]></title>
    <teaser><![CDATA[Assorted stories from NPR]]></teaser>
    <miniTeaser><![CDATA[Custom NPR News Feed API.  Visit http://www.npr.org/templates/apidoc/index.php for more information.]]></miniTeaser>
    <link type="api">http://api.npr.org/query?searchTerm=%22can%27t%20smile%22&amp;apiKey=MDA3MjY5MjE5MDEzMDE5MjY1NTczMzYzMA001</link>
  </list>
</nprml>
