<?xml version="1.0" encoding="UTF-8"?>
<nprml version="0.94">
  <message id="401" level="warning">
    <text>There were no results that matched your query criteria.</text>
    <timestamp>1302009902.57</timestamp>
  </message>
  <list>
    <title><![CDATA[NPR: Stories from NPR]]></title>
    <teaser><![CDATA[Assorted stories from NPR]]></teaser>
    <miniTeaser><![CDATA[Custom NPR News Feed API.  Visit http://www.npr.org/templates/apidoc/index.php for more information.]]></miniTeaser>
    <link type="api">http://api.npr.org/query?searchTerm=%22never%20smile%22&amp;apiKey=MDA3MjY5MjE5MDEzMDE5MjY1NTczMzYzMA001</link>
  </list>
</nprml>
<?xml version="1.0" encoding="UTF-8"?>
<nprml version="0.94">
  <message id="401" level="warning">
    <text>There were no results that matched your query criteria.</text>
    <timestamp>1302009904.92</timestamp>
  </message>
  <list>
    <title><![CDATA[NPR: Stories from NPR]]></title>
    <teaser><![CDATA[Assorted stories from NPR]]></teaser>
    <miniTeaser><![CDATA[Custom NPR News Feed API.  Visit http://www.npr.org/templates/apidoc/index.php for more information.]]></miniTeaser>
    <link type="api">http://api.npr.org/query?searchTerm=%22never%20smile%22&amp;apiKey=MDA3MjY5MjE5MDEzMDE5MjY1NTczMzYzMA001</link>
  </list>
</nprml>
<?xml version="1.0" encoding="UTF-8"?>
<nprml version="0.94">
  <message id="401" level="warning">
    <text>There were no results that matched your query criteria.</text>
    <timestamp>1302009907.24</timestamp>
  </message>
  <list>
    <title><![CDATA[NPR: Stories from NPR]]></title>
    <teaser><![CDATA[Assorted stories from NPR]]></teaser>
    <miniTeaser><![CDATA[Custom NPR News Feed API.  Visit http://www.npr.org/templates/apidoc/index.php for more information.]]></miniTeaser>
    <link type="api">http://api.npr.org/query?searchTerm=%22never%20smile%22&amp;apiKey=MDA3MjY5MjE5MDEzMDE5MjY1NTczMzYzMA001</link>
  </list>
</nprml>
<?xml version="1.0" encoding="UTF-8"?>
<nprml version="0.94">
  <message id="401" level="warning">
    <text>There were no results that matched your query criteria.</text>
    <timestamp>1302009909.6</timestamp>
  </message>
  <list>
    <title><![CDATA[NPR: Stories from NPR]]></title>
    <teaser><![CDATA[Assorted stories from NPR]]></teaser>
    <miniTeaser><![CDATA[Custom NPR News Feed API.  Visit http://www.npr.org/templates/apidoc/index.php for more information.]]></miniTeaser>
    <link type="api">http://api.npr.org/query?searchTerm=%22never%20smile%22&amp;apiKey=MDA3MjY5MjE5MDEzMDE5MjY1NTczMzYzMA001</link>
  </list>
</nprml>
<?xml version="1.0" encoding="UTF-8"?>
<nprml version="0.94">
  <message id="401" level="warning">
    <text>There were no results that matched your query criteria.</text>
    <timestamp>1302009911.98</timestamp>
  </message>
  <list>
    <title><![CDATA[NPR: Stories from NPR]]></title>
    <teaser><![CDATA[Assorted stories from NPR]]></teaser>
    <miniTeaser><![CDATA[Custom NPR News Feed API.  Visit http://www.npr.org/templates/apidoc/index.php for more information.]]></miniTeaser>
    <link type="api">http://api.npr.org/query?searchTerm=%22never%20smile%22&amp;apiKey=MDA3MjY5MjE5MDEzMDE5MjY1NTczMzYzMA001</link>
  </list>
</nprml>
<?xml version="1.0" encoding="UTF-8"?>
<nprml version="0.94">
  <message id="401" level="warning">
    <text>There were no results that matched your query criteria.</text>
    <timestamp>1302009914.27</timestamp>
  </message>
  <list>
    <title><![CDATA[NPR: Stories from NPR]]></title>
    <teaser><![CDATA[Assorted stories from NPR]]></teaser>
    <miniTeaser><![CDATA[Custom NPR News Feed API.  Visit http://www.npr.org/templates/apidoc/index.php for more information.]]></miniTeaser>
    <link type="api">http://api.npr.org/query?searchTerm=%22never%20smile%22&amp;apiKey=MDA3MjY5MjE5MDEzMDE5MjY1NTczMzYzMA001</link>
  </list>
</nprml>
<?xml version="1.0" encoding="UTF-8"?>
<nprml version="0.94">
  <message id="401" level="warning">
    <text>There were no results that matched your query criteria.</text>
    <timestamp>1302009916.56</timestamp>
  </message>
  <list>
    <title><![CDATA[NPR: Stories from NPR]]></title>
    <teaser><![CDATA[Assorted stories from NPR]]></teaser>
    <miniTeaser><![CDATA[Custom NPR News Feed API.  Visit http://www.npr.org/templates/apidoc/index.php for more information.]]></miniTeaser>
    <link type="api">http://api.npr.org/query?searchTerm=%22never%20smile%22&amp;apiKey=MDA3MjY5MjE5MDEzMDE5MjY1NTczMzYzMA001</link>
  </list>
</nprml>
<?xml version="1.0" encoding="UTF-8"?>
<nprml version="0.94">
  <message id="401" level="warning">
    <text>There were no results that matched your query criteria.</text>
    <timestamp>1302009918.87</timestamp>
  </message>
  <list>
    <title><![CDATA[NPR: Stories from NPR]]></title>
    <teaser><![CDATA[Assorted stories from NPR]]></teaser>
    <miniTeaser><![CDATA[Custom NPR News Feed API.  Visit http://www.npr.org/templates/apidoc/index.php for more information.]]></miniTeaser>
    <link type="api">http://api.npr.org/query?searchTerm=%22never%20smile%22&amp;apiKey=MDA3MjY5MjE5MDEzMDE5MjY1NTczMzYzMA001</link>
  </list>
</nprml>
<?xml version="1.0" encoding="UTF-8"?>
<nprml version="0.94">
  <message id="401" level="warning">
    <text>There were no results that matched your query criteria.</text>
    <timestamp>1302009921.18</timestamp>
  </message>
  <list>
    <title><![CDATA[NPR: Stories from NPR]]></title>
    <teaser><![CDATA[Assorted stories from NPR]]></teaser>
    <miniTeaser><![CDATA[Custom NPR News Feed API.  Visit http://www.npr.org/templates/apidoc/index.php for more information.]]></miniTeaser>
    <link type="api">http://api.npr.org/query?searchTerm=%22never%20smile%22&amp;apiKey=MDA3MjY5MjE5MDEzMDE5MjY1NTczMzYzMA001</link>
  </list>
</nprml>
<?xml version="1.0" encoding="UTF-8"?>
<nprml version="0.94">
  <message id="401" level="warning">
    <text>There were no results that matched your query criteria.</text>
    <timestamp>1302009923.54</timestamp>
  </message>
  <list>
    <title><![CDATA[NPR: Stories from NPR]]></title>
    <teaser><![CDATA[Assorted stories from NPR]]></teaser>
    <miniTeaser><![CDATA[Custom NPR News Feed API.  Visit http://www.npr.org/templates/apidoc/index.php for more information.]]></miniTeaser>
    <link type="api">http://api.npr.org/query?searchTerm=%22never%20smile%22&amp;apiKey=MDA3MjY5MjE5MDEzMDE5MjY1NTczMzYzMA001</link>
  </list>
</nprml>
