<?xml version="1.0" encoding="UTF-8"?>
<nprml version="0.94">
  <message id="401" level="warning">
    <text>There were no results that matched your query criteria.</text>
    <timestamp>1302009760.2</timestamp>
  </message>
  <list>
    <title><![CDATA[NPR: Stories from NPR]]></title>
    <teaser><![CDATA[Assorted stories from NPR]]></teaser>
    <miniTeaser><![CDATA[Custom NPR News Feed API.  Visit http://www.npr.org/templates/apidoc/index.php for more information.]]></miniTeaser>
    <link type="api">http://api.npr.org/query?searchTerm=%22don%27t%20smile%22&amp;apiKey=MDA3MjY5MjE5MDEzMDE5MjY1NTczMzYzMA001</link>
  </list>
</nprml>
<?xml version="1.0" encoding="UTF-8"?>
<nprml version="0.94">
  <message id="401" level="warning">
    <text>There were no results that matched your query criteria.</text>
    <timestamp>1302009762.49</timestamp>
  </message>
  <list>
    <title><![CDATA[NPR: Stories from NPR]]></title>
    <teaser><![CDATA[Assorted stories from NPR]]></teaser>
    <miniTeaser><![CDATA[Custom NPR News Feed API.  Visit http://www.npr.org/templates/apidoc/index.php for more information.]]></miniTeaser>
    <link type="api">http://api.npr.org/query?searchTerm=%22don%27t%20smile%22&amp;apiKey=MDA3MjY5MjE5MDEzMDE5MjY1NTczMzYzMA001</link>
  </list>
</nprml>
<?xml version="1.0" encoding="UTF-8"?>
<nprml version="0.94">
  <message id="401" level="warning">
    <text>There were no results that matched your query criteria.</text>
    <timestamp>1302009764.79</timestamp>
  </message>
  <list>
    <title><![CDATA[NPR: Stories from NPR]]></title>
    <teaser><![CDATA[Assorted stories from NPR]]></teaser>
    <miniTeaser><![CDATA[Custom NPR News Feed API.  Visit http://www.npr.org/templates/apidoc/index.php for more information.]]></miniTeaser>
    <link type="api">http://api.npr.org/query?searchTerm=%22don%27t%20smile%22&amp;apiKey=MDA3MjY5MjE5MDEzMDE5MjY1NTczMzYzMA001</link>
  </list>
</nprml>
<?xml version="1.0" encoding="UTF-8"?>
<nprml version="0.94">
  <message id="401" level="warning">
    <text>There were no results that matched your query criteria.</text>
    <timestamp>1302009767.05</timestamp>
  </message>
  <list>
    <title><![CDATA[NPR: Stories from NPR]]></title>
    <teaser><![CDATA[Assorted stories from NPR]]></teaser>
    <miniTeaser><![CDATA[Custom NPR News Feed API.  Visit http://www.npr.org/templates/apidoc/index.php for more information.]]></miniTeaser>
    <link type="api">http://api.npr.org/query?searchTerm=%22don%27t%20smile%22&amp;apiKey=MDA3MjY5MjE5MDEzMDE5MjY1NTczMzYzMA001</link>
  </list>
</nprml>
<?xml version="1.0" encoding="UTF-8"?>
<nprml version="0.94">
  <message id="401" level="warning">
    <text>There were no results that matched your query criteria.</text>
    <timestamp>1302009769.34</timestamp>
  </message>
  <list>
    <title><![CDATA[NPR: Stories from NPR]]></title>
    <teaser><![CDATA[Assorted stories from NPR]]></teaser>
    <miniTeaser><![CDATA[Custom NPR News Feed API.  Visit http://www.npr.org/templates/apidoc/index.php for more information.]]></miniTeaser>
    <link type="api">http://api.npr.org/query?searchTerm=%22don%27t%20smile%22&amp;apiKey=MDA3MjY5MjE5MDEzMDE5MjY1NTczMzYzMA001</link>
  </list>
</nprml>
<?xml version="1.0" encoding="UTF-8"?>
<nprml version="0.94">
  <message id="401" level="warning">
    <text>There were no results that matched your query criteria.</text>
    <timestamp>1302009771.62</timestamp>
  </message>
  <list>
    <title><![CDATA[NPR: Stories from NPR]]></title>
    <teaser><![CDATA[Assorted stories from NPR]]></teaser>
    <miniTeaser><![CDATA[Custom NPR News Feed API.  Visit http://www.npr.org/templates/apidoc/index.php for more information.]]></miniTeaser>
    <link type="api">http://api.npr.org/query?searchTerm=%22don%27t%20smile%22&amp;apiKey=MDA3MjY5MjE5MDEzMDE5MjY1NTczMzYzMA001</link>
  </list>
</nprml>
<?xml version="1.0" encoding="UTF-8"?>
<nprml version="0.94">
  <message id="401" level="warning">
    <text>There were no results that matched your query criteria.</text>
    <timestamp>1302009773.92</timestamp>
  </message>
  <list>
    <title><![CDATA[NPR: Stories from NPR]]></title>
    <teaser><![CDATA[Assorted stories from NPR]]></teaser>
    <miniTeaser><![CDATA[Custom NPR News Feed API.  Visit http://www.npr.org/templates/apidoc/index.php for more information.]]></miniTeaser>
    <link type="api">http://api.npr.org/query?searchTerm=%22don%27t%20smile%22&amp;apiKey=MDA3MjY5MjE5MDEzMDE5MjY1NTczMzYzMA001</link>
  </list>
</nprml>
<?xml version="1.0" encoding="UTF-8"?>
<nprml version="0.94">
  <message id="401" level="warning">
    <text>There were no results that matched your query criteria.</text>
    <timestamp>1302009776.22</timestamp>
  </message>
  <list>
    <title><![CDATA[NPR: Stories from NPR]]></title>
    <teaser><![CDATA[Assorted stories from NPR]]></teaser>
    <miniTeaser><![CDATA[Custom NPR News Feed API.  Visit http://www.npr.org/templates/apidoc/index.php for more information.]]></miniTeaser>
    <link type="api">http://api.npr.org/query?searchTerm=%22don%27t%20smile%22&amp;apiKey=MDA3MjY5MjE5MDEzMDE5MjY1NTczMzYzMA001</link>
  </list>
</nprml>
<?xml version="1.0" encoding="UTF-8"?>
<nprml version="0.94">
  <message id="401" level="warning">
    <text>There were no results that matched your query criteria.</text>
    <timestamp>1302009778.49</timestamp>
  </message>
  <list>
    <title><![CDATA[NPR: Stories from NPR]]></title>
    <teaser><![CDATA[Assorted stories from NPR]]></teaser>
    <miniTeaser><![CDATA[Custom NPR News Feed API.  Visit http://www.npr.org/templates/apidoc/index.php for more information.]]></miniTeaser>
    <link type="api">http://api.npr.org/query?searchTerm=%22don%27t%20smile%22&amp;apiKey=MDA3MjY5MjE5MDEzMDE5MjY1NTczMzYzMA001</link>
  </list>
</nprml>
<?xml version="1.0" encoding="UTF-8"?>
<nprml version="0.94">
  <message id="401" level="warning">
    <text>There were no results that matched your query criteria.</text>
    <timestamp>1302009780.78</timestamp>
  </message>
  <list>
    <title><![CDATA[NPR: Stories from NPR]]></title>
    <teaser><![CDATA[Assorted stories from NPR]]></teaser>
    <miniTeaser><![CDATA[Custom NPR News Feed API.  Visit http://www.npr.org/templates/apidoc/index.php for more information.]]></miniTeaser>
    <link type="api">http://api.npr.org/query?searchTerm=%22don%27t%20smile%22&amp;apiKey=MDA3MjY5MjE5MDEzMDE5MjY1NTczMzYzMA001</link>
  </list>
</nprml>
