<?xml version="1.0" encoding="UTF-8"?>
<nprml version="0.94">
  <message id="401" level="warning">
    <text>There were no results that matched your query criteria.</text>
    <timestamp>1302009925.83</timestamp>
  </message>
  <list>
    <title><![CDATA[NPR: Stories from NPR]]></title>
    <teaser><![CDATA[Assorted stories from NPR]]></teaser>
    <miniTeaser><![CDATA[Custom NPR News Feed API.  Visit http://www.npr.org/templates/apidoc/index.php for more information.]]></miniTeaser>
    <link type="api">http://api.npr.org/query?searchTerm=%22never%20smiles%22&amp;apiKey=MDA3MjY5MjE5MDEzMDE5MjY1NTczMzYzMA001</link>
  </list>
</nprml>
<?xml version="1.0" encoding="UTF-8"?>
<nprml version="0.94">
  <message id="401" level="warning">
    <text>There were no results that matched your query criteria.</text>
    <timestamp>1302009928.22</timestamp>
  </message>
  <list>
    <title><![CDATA[NPR: Stories from NPR]]></title>
    <teaser><![CDATA[Assorted stories from NPR]]></teaser>
    <miniTeaser><![CDATA[Custom NPR News Feed API.  Visit http://www.npr.org/templates/apidoc/index.php for more information.]]></miniTeaser>
    <link type="api">http://api.npr.org/query?searchTerm=%22never%20smiles%22&amp;apiKey=MDA3MjY5MjE5MDEzMDE5MjY1NTczMzYzMA001</link>
  </list>
</nprml>
<?xml version="1.0" encoding="UTF-8"?>
<nprml version="0.94">
  <message id="401" level="warning">
    <text>There were no results that matched your query criteria.</text>
    <timestamp>1302009930.54</timestamp>
  </message>
  <list>
    <title><![CDATA[NPR: Stories from NPR]]></title>
    <teaser><![CDATA[Assorted stories from NPR]]></teaser>
    <miniTeaser><![CDATA[Custom NPR News Feed API.  Visit http://www.npr.org/templates/apidoc/index.php for more information.]]></miniTeaser>
    <link type="api">http://api.npr.org/query?searchTerm=%22never%20smiles%22&amp;apiKey=MDA3MjY5MjE5MDEzMDE5MjY1NTczMzYzMA001</link>
  </list>
</nprml>
<?xml version="1.0" encoding="UTF-8"?>
<nprml version="0.94">
  <message id="401" level="warning">
    <text>There were no results that matched your query criteria.</text>
    <timestamp>1302009932.87</timestamp>
  </message>
  <list>
    <title><![CDATA[NPR: Stories from NPR]]></title>
    <teaser><![CDATA[Assorted stories from NPR]]></teaser>
    <miniTeaser><![CDATA[Custom NPR News Feed API.  Visit http://www.npr.org/templates/apidoc/index.php for more information.]]></miniTeaser>
    <link type="api">http://api.npr.org/query?searchTerm=%22never%20smiles%22&amp;apiKey=MDA3MjY5MjE5MDEzMDE5MjY1NTczMzYzMA001</link>
  </list>
</nprml>
<?xml version="1.0" encoding="UTF-8"?>
<nprml version="0.94">
  <message id="401" level="warning">
    <text>There were no results that matched your query criteria.</text>
    <timestamp>1302009935.17</timestamp>
  </message>
  <list>
    <title><![CDATA[NPR: Stories from NPR]]></title>
    <teaser><![CDATA[Assorted stories from NPR]]></teaser>
    <miniTeaser><![CDATA[Custom NPR News Feed API.  Visit http://www.npr.org/templates/apidoc/index.php for more information.]]></miniTeaser>
    <link type="api">http://api.npr.org/query?searchTerm=%22never%20smiles%22&amp;apiKey=MDA3MjY5MjE5MDEzMDE5MjY1NTczMzYzMA001</link>
  </list>
</nprml>
<?xml version="1.0" encoding="UTF-8"?>
<nprml version="0.94">
  <message id="401" level="warning">
    <text>There were no results that matched your query criteria.</text>
    <timestamp>1302009937.47</timestamp>
  </message>
  <list>
    <title><![CDATA[NPR: Stories from NPR]]></title>
    <teaser><![CDATA[Assorted stories from NPR]]></teaser>
    <miniTeaser><![CDATA[Custom NPR News Feed API.  Visit http://www.npr.org/templates/apidoc/index.php for more information.]]></miniTeaser>
    <link type="api">http://api.npr.org/query?searchTerm=%22never%20smiles%22&amp;apiKey=MDA3MjY5MjE5MDEzMDE5MjY1NTczMzYzMA001</link>
  </list>
</nprml>
<?xml version="1.0" encoding="UTF-8"?>
<nprml version="0.94">
  <message id="401" level="warning">
    <text>There were no results that matched your query criteria.</text>
    <timestamp>1302009939.78</timestamp>
  </message>
  <list>
    <title><![CDATA[NPR: Stories from NPR]]></title>
    <teaser><![CDATA[Assorted stories from NPR]]></teaser>
    <miniTeaser><![CDATA[Custom NPR News Feed API.  Visit http://www.npr.org/templates/apidoc/index.php for more information.]]></miniTeaser>
    <link type="api">http://api.npr.org/query?searchTerm=%22never%20smiles%22&amp;apiKey=MDA3MjY5MjE5MDEzMDE5MjY1NTczMzYzMA001</link>
  </list>
</nprml>
<?xml version="1.0" encoding="UTF-8"?>
<nprml version="0.94">
  <message id="401" level="warning">
    <text>There were no results that matched your query criteria.</text>
    <timestamp>1302009942.16</timestamp>
  </message>
  <list>
    <title><![CDATA[NPR: Stories from NPR]]></title>
    <teaser><![CDATA[Assorted stories from NPR]]></teaser>
    <miniTeaser><![CDATA[Custom NPR News Feed API.  Visit http://www.npr.org/templates/apidoc/index.php for more information.]]></miniTeaser>
    <link type="api">http://api.npr.org/query?searchTerm=%22never%20smiles%22&amp;apiKey=MDA3MjY5MjE5MDEzMDE5MjY1NTczMzYzMA001</link>
  </list>
</nprml>
<?xml version="1.0" encoding="UTF-8"?>
<nprml version="0.94">
  <message id="401" level="warning">
    <text>There were no results that matched your query criteria.</text>
    <timestamp>1302009944.53</timestamp>
  </message>
  <list>
    <title><![CDATA[NPR: Stories from NPR]]></title>
    <teaser><![CDATA[Assorted stories from NPR]]></teaser>
    <miniTeaser><![CDATA[Custom NPR News Feed API.  Visit http://www.npr.org/templates/apidoc/index.php for more information.]]></miniTeaser>
    <link type="api">http://api.npr.org/query?searchTerm=%22never%20smiles%22&amp;apiKey=MDA3MjY5MjE5MDEzMDE5MjY1NTczMzYzMA001</link>
  </list>
</nprml>
<?xml version="1.0" encoding="UTF-8"?>
<nprml version="0.94">
  <message id="401" level="warning">
    <text>There were no results that matched your query criteria.</text>
    <timestamp>1302009946.79</timestamp>
  </message>
  <list>
    <title><![CDATA[NPR: Stories from NPR]]></title>
    <teaser><![CDATA[Assorted stories from NPR]]></teaser>
    <miniTeaser><![CDATA[Custom NPR News Feed API.  Visit http://www.npr.org/templates/apidoc/index.php for more information.]]></miniTeaser>
    <link type="api">http://api.npr.org/query?searchTerm=%22never%20smiles%22&amp;apiKey=MDA3MjY5MjE5MDEzMDE5MjY1NTczMzYzMA001</link>
  </list>
</nprml>
