<?xml version="1.0" encoding="UTF-8"?>
<nprml version="0.94">
  <message id="401" level="warning">
    <text>There were no results that matched your query criteria.</text>
    <timestamp>1302009832.78</timestamp>
  </message>
  <list>
    <title><![CDATA[NPR: Stories from NPR]]></title>
    <teaser><![CDATA[Assorted stories from NPR]]></teaser>
    <miniTeaser><![CDATA[Custom NPR News Feed API.  Visit http://www.npr.org/templates/apidoc/index.php for more information.]]></miniTeaser>
    <link type="api">http://api.npr.org/query?searchTerm=%22won%27t%20smile%22&amp;apiKey=MDA3MjY5MjE5MDEzMDE5MjY1NTczMzYzMA001</link>
  </list>
</nprml>
<?xml version="1.0" encoding="UTF-8"?>
<nprml version="0.94">
  <message id="401" level="warning">
    <text>There were no results that matched your query criteria.</text>
    <timestamp>1302009835.09</timestamp>
  </message>
  <list>
    <title><![CDATA[NPR: Stories from NPR]]></title>
    <teaser><![CDATA[Assorted stories from NPR]]></teaser>
    <miniTeaser><![CDATA[Custom NPR News Feed API.  Visit http://www.npr.org/templates/apidoc/index.php for more information.]]></miniTeaser>
    <link type="api">http://api.npr.org/query?searchTerm=%22won%27t%20smile%22&amp;apiKey=MDA3MjY5MjE5MDEzMDE5MjY1NTczMzYzMA001</link>
  </list>
</nprml>
<?xml version="1.0" encoding="UTF-8"?>
<nprml version="0.94">
  <message id="401" level="warning">
    <text>There were no results that matched your query criteria.</text>
    <timestamp>1302009837.43</timestamp>
  </message>
  <list>
    <title><![CDATA[NPR: Stories from NPR]]></title>
    <teaser><![CDATA[Assorted stories from NPR]]></teaser>
    <miniTeaser><![CDATA[Custom NPR News Feed API.  Visit http://www.npr.org/templates/apidoc/index.php for more information.]]></miniTeaser>
    <link type="api">http://api.npr.org/query?searchTerm=%22won%27t%20smile%22&amp;apiKey=MDA3MjY5MjE5MDEzMDE5MjY1NTczMzYzMA001</link>
  </list>
</nprml>
<?xml version="1.0" encoding="UTF-8"?>
<nprml version="0.94">
  <message id="401" level="warning">
    <text>There were no results that matched your query criteria.</text>
    <timestamp>1302009839.73</timestamp>
  </message>
  <list>
    <title><![CDATA[NPR: Stories from NPR]]></title>
    <teaser><![CDATA[Assorted stories from NPR]]></teaser>
    <miniTeaser><![CDATA[Custom NPR News Feed API.  Visit http://www.npr.org/templates/apidoc/index.php for more information.]]></miniTeaser>
    <link type="api">http://api.npr.org/query?searchTerm=%22won%27t%20smile%22&amp;apiKey=MDA3MjY5MjE5MDEzMDE5MjY1NTczMzYzMA001</link>
  </list>
</nprml>
<?xml version="1.0" encoding="UTF-8"?>
<nprml version="0.94">
  <message id="401" level="warning">
    <text>There were no results that matched your query criteria.</text>
    <timestamp>1302009842</timestamp>
  </message>
  <list>
    <title><![CDATA[NPR: Stories from NPR]]></title>
    <teaser><![CDATA[Assorted stories from NPR]]></teaser>
    <miniTeaser><![CDATA[Custom NPR News Feed API.  Visit http://www.npr.org/templates/apidoc/index.php for more information.]]></miniTeaser>
    <link type="api">http://api.npr.org/query?searchTerm=%22won%27t%20smile%22&amp;apiKey=MDA3MjY5MjE5MDEzMDE5MjY1NTczMzYzMA001</link>
  </list>
</nprml>
<?xml version="1.0" encoding="UTF-8"?>
<nprml version="0.94">
  <message id="401" level="warning">
    <text>There were no results that matched your query criteria.</text>
    <timestamp>1302009844.3</timestamp>
  </message>
  <list>
    <title><![CDATA[NPR: Stories from NPR]]></title>
    <teaser><![CDATA[Assorted stories from NPR]]></teaser>
    <miniTeaser><![CDATA[Custom NPR News Feed API.  Visit http://www.npr.org/templates/apidoc/index.php for more information.]]></miniTeaser>
    <link type="api">http://api.npr.org/query?searchTerm=%22won%27t%20smile%22&amp;apiKey=MDA3MjY5MjE5MDEzMDE5MjY1NTczMzYzMA001</link>
  </list>
</nprml>
<?xml version="1.0" encoding="UTF-8"?>
<nprml version="0.94">
  <message id="401" level="warning">
    <text>There were no results that matched your query criteria.</text>
    <timestamp>1302009846.6</timestamp>
  </message>
  <list>
    <title><![CDATA[NPR: Stories from NPR]]></title>
    <teaser><![CDATA[Assorted stories from NPR]]></teaser>
    <miniTeaser><![CDATA[Custom NPR News Feed API.  Visit http://www.npr.org/templates/apidoc/index.php for more information.]]></miniTeaser>
    <link type="api">http://api.npr.org/query?searchTerm=%22won%27t%20smile%22&amp;apiKey=MDA3MjY5MjE5MDEzMDE5MjY1NTczMzYzMA001</link>
  </list>
</nprml>
<?xml version="1.0" encoding="UTF-8"?>
<nprml version="0.94">
  <message id="401" level="warning">
    <text>There were no results that matched your query criteria.</text>
    <timestamp>1302009848.92</timestamp>
  </message>
  <list>
    <title><![CDATA[NPR: Stories from NPR]]></title>
    <teaser><![CDATA[Assorted stories from NPR]]></teaser>
    <miniTeaser><![CDATA[Custom NPR News Feed API.  Visit http://www.npr.org/templates/apidoc/index.php for more information.]]></miniTeaser>
    <link type="api">http://api.npr.org/query?searchTerm=%22won%27t%20smile%22&amp;apiKey=MDA3MjY5MjE5MDEzMDE5MjY1NTczMzYzMA001</link>
  </list>
</nprml>
<?xml version="1.0" encoding="UTF-8"?>
<nprml version="0.94">
  <message id="401" level="warning">
    <text>There were no results that matched your query criteria.</text>
    <timestamp>1302009851.22</timestamp>
  </message>
  <list>
    <title><![CDATA[NPR: Stories from NPR]]></title>
    <teaser><![CDATA[Assorted stories from NPR]]></teaser>
    <miniTeaser><![CDATA[Custom NPR News Feed API.  Visit http://www.npr.org/templates/apidoc/index.php for more information.]]></miniTeaser>
    <link type="api">http://api.npr.org/query?searchTerm=%22won%27t%20smile%22&amp;apiKey=MDA3MjY5MjE5MDEzMDE5MjY1NTczMzYzMA001</link>
  </list>
</nprml>
<?xml version="1.0" encoding="UTF-8"?>
<nprml version="0.94">
  <message id="401" level="warning">
    <text>There were no results that matched your query criteria.</text>
    <timestamp>1302009853.59</timestamp>
  </message>
  <list>
    <title><![CDATA[NPR: Stories from NPR]]></title>
    <teaser><![CDATA[Assorted stories from NPR]]></teaser>
    <miniTeaser><![CDATA[Custom NPR News Feed API.  Visit http://www.npr.org/templates/apidoc/index.php for more information.]]></miniTeaser>
    <link type="api">http://api.npr.org/query?searchTerm=%22won%27t%20smile%22&amp;apiKey=MDA3MjY5MjE5MDEzMDE5MjY1NTczMzYzMA001</link>
  </list>
</nprml>
